2026-05-13 18:24:26 deploy start
2026-05-13 18:24:26 sources: no-pricing=10310898 bytes, priced=9809577 bytes
2026-05-13 18:24:26 copied to repo folder
2026-05-13 18:24:27 ERROR: The term 'git' is not recognized as the name of a cmdlet, function, script file, or operable program. Check the spelling of the name, or if a path was included, verify that the path is correct and try again.
2026-05-13 18:26:25 deploy start (git=C:\Users\valen\AppData\Local\GitHubDesktop\app-3.5.8\resources\app\git\cmd\git.exe)
2026-05-13 18:26:25 sources: no-pricing=10310898 bytes, priced=9809577 bytes
2026-05-13 18:26:25 copied to repo folder
2026-05-13 18:26:28 fetch+pull done
2026-05-13 18:36:35 PUSH FAILED exit=1 output=To https://github.com/vicwallets/Inventory.git  ! [rejected]        main -> main (non-fast-forward) error: failed to push some refs to 'https://github.com/vicwallets/Inventory.git' hint: Updates were rejected because the tip of your current branch is behind hint: its remote counterpart. If you want to integrate the remote changes, hint: use 'git pull' before pushing again. hint: See the 'Note about fast-forwards' in 'git push --help' for details.
2026-05-13 18:36:35 deploy end
2026-05-13 19:31:49 === pipeline start ===
2026-05-13 19:31:49 running build_quote_tool_v7.py...
2026-05-13 19:32:01 build ok
2026-05-13 19:32:01 no-pricing: 10311139 bytes | priced: 9810056 bytes
2026-05-13 19:32:01 copied to repo
2026-05-13 19:32:11 PUSHED ok
2026-05-13 19:32:11 === pipeline end ===
2026-05-13 20:48:05 === pipeline start ===
2026-05-13 20:48:05 running build_quote_tool_v7.py...
2026-05-13 20:48:18 build ok
2026-05-13 20:48:18 no-pricing: 10310307 bytes | priced: 9809224 bytes
2026-05-13 20:48:18 copied to repo
2026-05-13 20:48:26 PUSHED ok
2026-05-13 20:48:26 === pipeline end ===
2026-05-14 10:00:02 === pipeline start ===
2026-05-14 10:00:02 running build_quote_tool_v7.py...
2026-05-14 10:00:18 build ok
2026-05-14 10:00:18 no-pricing: 10311182 bytes | priced: 9810056 bytes
2026-05-14 10:00:18 copied to repo
2026-05-14 10:00:29 PUSHED ok
2026-05-14 10:00:29 === pipeline end ===
2026-05-15 10:00:03 === pipeline start ===
2026-05-15 10:00:03 running build_quote_tool_v7.py...
2026-05-15 10:00:20 build ok
2026-05-15 10:00:20 no-pricing: 10352665 bytes | priced: 9849757 bytes
2026-05-15 10:00:20 copied to repo
2026-05-15 10:00:29 PUSHED ok
2026-05-15 10:00:29 === pipeline end ===
2026-05-16 10:00:04 === pipeline start ===
2026-05-16 10:00:04 running build_quote_tool_v7.py...
2026-05-16 10:00:22 build ok
2026-05-16 10:00:22 no-pricing: 10451610 bytes | priced: 9944276 bytes
2026-05-16 10:00:22 copied to repo
2026-05-16 10:00:32 PUSHED ok
2026-05-16 10:00:32 === pipeline end ===
2026-05-17 10:00:04 === pipeline start ===
2026-05-17 10:00:04 running build_quote_tool_v7.py...
2026-05-17 10:00:22 build ok
2026-05-17 10:00:22 no-pricing: 10457372 bytes | priced: 9949764 bytes
2026-05-17 10:00:22 copied to repo
2026-05-17 10:00:32 PUSHED ok
2026-05-17 10:00:32 === pipeline end ===
2026-05-18 10:00:05 === pipeline start ===
2026-05-18 10:00:05 running build_quote_tool_v7.py...
2026-05-18 10:00:24 build ok
2026-05-18 10:00:24 no-pricing: 10451880 bytes | priced: 9944590 bytes
2026-05-18 10:00:24 copied to repo
2026-05-18 10:00:32 PUSHED ok
2026-05-18 10:00:32 === pipeline end ===
2026-05-19 10:00:03 === pipeline start ===
2026-05-19 10:00:03 running build_quote_tool_v7.py...
2026-05-19 10:00:25 build ok
2026-05-19 10:00:25 no-pricing: 10438852 bytes | priced: 9931896 bytes
2026-05-19 10:00:25 copied to repo
2026-05-19 10:00:36 PUSHED ok
2026-05-19 10:00:36 === pipeline end ===
